2024-05-07 19:53:34.809  INFO 72748 --- [main] c.t.SpringBootRestServiceApplication     : Starting SpringBootRestServiceApplication using Java 17.0.10 on LAPTOP-VIJ7KV3T with PID 72748 (C:\work\pact\Code+Projects_1\Code Projects\SpringBootRestService\target\classes started by sjhaq in C:\work\pact\Code+Projects_1\Code Projects\SpringBootRestService)
2024-05-07 19:53:34.818  INFO 72748 --- [main] c.t.SpringBootRestServiceApplication     : No active profile set, falling back to default profiles: default
2024-05-07 19:53:35.398  INFO 72748 --- [main] .s.d.r.c.RepositoryConfigurationDelegate : Bootstrapping Spring Data JPA repositories in DEFAULT mode.
2024-05-07 19:53:35.450  INFO 72748 --- [main] .s.d.r.c.RepositoryConfigurationDelegate : Finished Spring Data repository scanning in 43 ms. Found 1 JPA repository interfaces.
2024-05-07 19:53:35.895  INFO 72748 --- [main] o.s.b.w.embedded.tomcat.TomcatWebServer  : Tomcat initialized with port(s): 8080 (http)
2024-05-07 19:53:35.907  INFO 72748 --- [main] o.apache.catalina.core.StandardService   : Starting service [Tomcat]
2024-05-07 19:53:35.907  INFO 72748 --- [main] org.apache.catalina.core.StandardEngine  : Starting Servlet engine: [Apache Tomcat/9.0.48]
2024-05-07 19:53:36.049  INFO 72748 --- [main] o.a.c.c.C.[Tomcat].[localhost].[/]       : Initializing Spring embedded WebApplicationContext
2024-05-07 19:53:36.058  INFO 72748 --- [main] w.s.c.ServletWebServerApplicationContext : Root WebApplicationContext: initialization completed in 1156 ms
2024-05-07 19:53:36.160  INFO 72748 --- [main] com.zaxxer.hikari.HikariDataSource       : HikariPool-1 - Starting...
2024-05-07 19:53:36.165  WARN 72748 --- [main] com.zaxxer.hikari.util.DriverDataSource  : Registered driver with driverClassName=com.mysql.jdbc.Driver was not found, trying direct instantiation.
2024-05-07 19:53:36.538  INFO 72748 --- [main] com.zaxxer.hikari.HikariDataSource       : HikariPool-1 - Start completed.
2024-05-07 19:53:36.653  INFO 72748 --- [main] o.hibernate.jpa.internal.util.LogHelper  : HHH000204: Processing PersistenceUnitInfo [name: default]
2024-05-07 19:53:36.776  INFO 72748 --- [main] org.hibernate.Version                    : HHH000412: Hibernate ORM core version 5.4.32.Final
2024-05-07 19:53:36.973  INFO 72748 --- [main] o.hibernate.annotations.common.Version   : HCANN000001: Hibernate Commons Annotations {5.1.2.Final}
2024-05-07 19:53:37.114  INFO 72748 --- [main] org.hibernate.dialect.Dialect            : HHH000400: Using dialect: org.hibernate.dialect.MySQL5InnoDBDialect
2024-05-07 19:53:37.698  INFO 72748 --- [main] o.h.e.t.j.p.i.JtaPlatformInitiator       : HHH000490: Using JtaPlatform implementation: [org.hibernate.engine.transaction.jta.platform.internal.NoJtaPlatform]
2024-05-07 19:53:37.708  INFO 72748 --- [main] j.LocalContainerEntityManagerFactoryBean : Initialized JPA EntityManagerFactory for persistence unit 'default'
2024-05-07 19:53:37.973  WARN 72748 --- [main] JpaBaseConfiguration$JpaWebConfiguration : spring.jpa.open-in-view is enabled by default. Therefore, database queries may be performed during view rendering. Explicitly configure spring.jpa.open-in-view to disable this warning
2024-05-07 19:53:38.325  WARN 72748 --- [main] ConfigServletWebServerApplicationContext : Exception encountered during context initialization - cancelling refresh attempt: org.springframework.context.ApplicationContextException: Failed to start bean 'webServerStartStop'; nested exception is org.springframework.boot.web.server.PortInUseException: Port 8080 is already in use
2024-05-07 19:53:38.327  INFO 72748 --- [main] j.LocalContainerEntityManagerFactoryBean : Closing JPA EntityManagerFactory for persistence unit 'default'
2024-05-07 19:53:38.329  INFO 72748 --- [main] com.zaxxer.hikari.HikariDataSource       : HikariPool-1 - Shutdown initiated...
2024-05-07 19:53:38.345  INFO 72748 --- [main] com.zaxxer.hikari.HikariDataSource       : HikariPool-1 - Shutdown completed.
2024-05-07 19:53:38.347  INFO 72748 --- [main] o.apache.catalina.core.StandardService   : Stopping service [Tomcat]
2024-05-07 19:53:38.363  INFO 72748 --- [main] ConditionEvaluationReportLoggingListener : 

Error starting ApplicationContext. To display the conditions report re-run your application with 'debug' enabled.
2024-05-07 19:53:38.382 ERROR 72748 --- [main] o.s.b.d.LoggingFailureAnalysisReporter   : 

***************************
APPLICATION FAILED TO START
***************************

Description:

Web server failed to start. Port 8080 was already in use.

Action:

Identify and stop the process that's listening on port 8080 or configure this application to listen on another port.

2024-05-07 19:55:37.657  INFO 72416 --- [main] c.t.SpringBootRestServiceApplication     : Starting SpringBootRestServiceApplication using Java 17.0.10 on LAPTOP-VIJ7KV3T with PID 72416 (C:\work\pact\Code+Projects_1\Code Projects\SpringBootRestService\target\classes started by sjhaq in C:\work\pact\Code+Projects_1\Code Projects\SpringBootRestService)
2024-05-07 19:55:37.661  INFO 72416 --- [main] c.t.SpringBootRestServiceApplication     : No active profile set, falling back to default profiles: default
2024-05-07 19:55:38.297  INFO 72416 --- [main] .s.d.r.c.RepositoryConfigurationDelegate : Bootstrapping Spring Data JPA repositories in DEFAULT mode.
2024-05-07 19:55:38.359  INFO 72416 --- [main] .s.d.r.c.RepositoryConfigurationDelegate : Finished Spring Data repository scanning in 48 ms. Found 1 JPA repository interfaces.
2024-05-07 19:55:38.771  INFO 72416 --- [main] o.s.b.w.embedded.tomcat.TomcatWebServer  : Tomcat initialized with port(s): 8080 (http)
2024-05-07 19:55:38.802  INFO 72416 --- [main] o.apache.catalina.core.StandardService   : Starting service [Tomcat]
2024-05-07 19:55:38.803  INFO 72416 --- [main] org.apache.catalina.core.StandardEngine  : Starting Servlet engine: [Apache Tomcat/9.0.48]
2024-05-07 19:55:38.939  INFO 72416 --- [main] o.a.c.c.C.[Tomcat].[localhost].[/]       : Initializing Spring embedded WebApplicationContext
2024-05-07 19:55:38.940  INFO 72416 --- [main] w.s.c.ServletWebServerApplicationContext : Root WebApplicationContext: initialization completed in 1213 ms
2024-05-07 19:55:39.041  INFO 72416 --- [main] com.zaxxer.hikari.HikariDataSource       : HikariPool-1 - Starting...
2024-05-07 19:55:39.051  WARN 72416 --- [main] com.zaxxer.hikari.util.DriverDataSource  : Registered driver with driverClassName=com.mysql.jdbc.Driver was not found, trying direct instantiation.
2024-05-07 19:55:39.536  INFO 72416 --- [main] com.zaxxer.hikari.HikariDataSource       : HikariPool-1 - Start completed.
2024-05-07 19:55:39.733  INFO 72416 --- [main] o.hibernate.jpa.internal.util.LogHelper  : HHH000204: Processing PersistenceUnitInfo [name: default]
2024-05-07 19:55:39.843  INFO 72416 --- [main] org.hibernate.Version                    : HHH000412: Hibernate ORM core version 5.4.32.Final
2024-05-07 19:55:40.034  INFO 72416 --- [main] o.hibernate.annotations.common.Version   : HCANN000001: Hibernate Commons Annotations {5.1.2.Final}
2024-05-07 19:55:40.188  INFO 72416 --- [main] org.hibernate.dialect.Dialect            : HHH000400: Using dialect: org.hibernate.dialect.MySQL5InnoDBDialect
2024-05-07 19:55:40.964  INFO 72416 --- [main] o.h.e.t.j.p.i.JtaPlatformInitiator       : HHH000490: Using JtaPlatform implementation: [org.hibernate.engine.transaction.jta.platform.internal.NoJtaPlatform]
2024-05-07 19:55:40.978  INFO 72416 --- [main] j.LocalContainerEntityManagerFactoryBean : Initialized JPA EntityManagerFactory for persistence unit 'default'
2024-05-07 19:55:41.294  WARN 72416 --- [main] JpaBaseConfiguration$JpaWebConfiguration : spring.jpa.open-in-view is enabled by default. Therefore, database queries may be performed during view rendering. Explicitly configure spring.jpa.open-in-view to disable this warning
2024-05-07 19:55:41.766  INFO 72416 --- [main] o.s.b.w.embedded.tomcat.TomcatWebServer  : Tomcat started on port(s): 8080 (http) with context path ''
2024-05-07 19:55:41.775  INFO 72416 --- [main] c.t.SpringBootRestServiceApplication     : Started SpringBootRestServiceApplication in 4.882 seconds (JVM running for 6.174)
2024-05-07 19:56:02.718  INFO 72416 --- [http-nio-8080-exec-1] o.a.c.c.C.[Tomcat].[localhost].[/]       : Initializing Spring DispatcherServlet 'dispatcherServlet'
2024-05-07 19:56:02.718  INFO 72416 --- [http-nio-8080-exec-1] o.s.web.servlet.DispatcherServlet        : Initializing Servlet 'dispatcherServlet'
2024-05-07 19:56:02.725  INFO 72416 --- [http-nio-8080-exec-1] o.s.web.servlet.DispatcherServlet        : Completed initialization in 7 ms
2024-05-07 20:00:13.998  WARN 73648 --- [main] ory$DuplicateJsonObjectContextCustomizer : 

Found multiple occurrences of org.json.JSONObject on the class path:

	jar:file:/C:/Users/sjhaq/.m2/repository/org/json/json/20160212/json-20160212.jar!/org/json/JSONObject.class
	jar:file:/C:/Users/sjhaq/.m2/repository/com/vaadin/external/google/android-json/0.0.20131108.vaadin1/android-json-0.0.20131108.vaadin1.jar!/org/json/JSONObject.class

You may wish to exclude one of them to ensure predictable runtime behavior

2024-05-07 20:00:14.024  INFO 73648 --- [main] com.training.PactConsumerTest            : Starting PactConsumerTest using Java 17.0.10 on LAPTOP-VIJ7KV3T with PID 73648 (started by sjhaq in C:\work\pact\Code+Projects_1\Code Projects\SpringBootRestService)
2024-05-07 20:00:14.028  INFO 73648 --- [main] com.training.PactConsumerTest            : No active profile set, falling back to default profiles: default
2024-05-07 20:00:14.890  INFO 73648 --- [main] .s.d.r.c.RepositoryConfigurationDelegate : Bootstrapping Spring Data JPA repositories in DEFAULT mode.
2024-05-07 20:00:14.977  INFO 73648 --- [main] .s.d.r.c.RepositoryConfigurationDelegate : Finished Spring Data repository scanning in 74 ms. Found 1 JPA repository interfaces.
2024-05-07 20:00:15.662  INFO 73648 --- [main] com.zaxxer.hikari.HikariDataSource       : HikariPool-1 - Starting...
2024-05-07 20:00:15.675  WARN 73648 --- [main] com.zaxxer.hikari.util.DriverDataSource  : Registered driver with driverClassName=com.mysql.jdbc.Driver was not found, trying direct instantiation.
2024-05-07 20:00:16.179  INFO 73648 --- [main] com.zaxxer.hikari.HikariDataSource       : HikariPool-1 - Start completed.
2024-05-07 20:00:16.467  INFO 73648 --- [main] o.hibernate.jpa.internal.util.LogHelper  : HHH000204: Processing PersistenceUnitInfo [name: default]
2024-05-07 20:00:16.586  INFO 73648 --- [main] org.hibernate.Version                    : HHH000412: Hibernate ORM core version 5.4.32.Final
2024-05-07 20:00:16.850  INFO 73648 --- [main] o.hibernate.annotations.common.Version   : HCANN000001: Hibernate Commons Annotations {5.1.2.Final}
2024-05-07 20:00:17.086  INFO 73648 --- [main] org.hibernate.dialect.Dialect            : HHH000400: Using dialect: org.hibernate.dialect.MySQL5InnoDBDialect
2024-05-07 20:00:17.889  INFO 73648 --- [main] o.h.e.t.j.p.i.JtaPlatformInitiator       : HHH000490: Using JtaPlatform implementation: [org.hibernate.engine.transaction.jta.platform.internal.NoJtaPlatform]
2024-05-07 20:00:17.905  INFO 73648 --- [main] j.LocalContainerEntityManagerFactoryBean : Initialized JPA EntityManagerFactory for persistence unit 'default'
2024-05-07 20:00:18.646  WARN 73648 --- [main] JpaBaseConfiguration$JpaWebConfiguration : spring.jpa.open-in-view is enabled by default. Therefore, database queries may be performed during view rendering. Explicitly configure spring.jpa.open-in-view to disable this warning
2024-05-07 20:00:19.504  INFO 73648 --- [main] com.training.PactConsumerTest            : Started PactConsumerTest in 5.901 seconds (JVM running for 11.395)
2024-05-07 20:00:21.098  INFO 73648 --- [main] a.c.d.p.c.junit5.PactConsumerTestExt     : Writing pacts out to default directory
2024-05-07 20:00:21.570  INFO 73648 --- [SpringApplicationShutdownHook] j.LocalContainerEntityManagerFactoryBean : Closing JPA EntityManagerFactory for persistence unit 'default'
2024-05-07 20:00:21.573  INFO 73648 --- [SpringApplicationShutdownHook] com.zaxxer.hikari.HikariDataSource       : HikariPool-1 - Shutdown initiated...
2024-05-07 20:00:21.592  INFO 73648 --- [SpringApplicationShutdownHook] com.zaxxer.hikari.HikariDataSource       : HikariPool-1 - Shutdown completed.
