2024-05-07 19:58:32.428  INFO 34792 --- [main] com.trainingProvider.CoursesApplication  : Starting CoursesApplication using Java 17.0.10 on LAPTOP-VIJ7KV3T with PID 34792 (C:\work\pact\Code+Projects_1\Code Projects\Courses\target\classes started by sjhaq in C:\work\pact\Code+Projects_1\Code Projects\Courses)
2024-05-07 19:58:32.438  INFO 34792 --- [main] com.trainingProvider.CoursesApplication  : No active profile set, falling back to default profiles: default
2024-05-07 19:58:33.214  INFO 34792 --- [main] .s.d.r.c.RepositoryConfigurationDelegate : Bootstrapping Spring Data JPA repositories in DEFAULT mode.
2024-05-07 19:58:33.271  INFO 34792 --- [main] .s.d.r.c.RepositoryConfigurationDelegate : Finished Spring Data repository scanning in 46 ms. Found 1 JPA repository interfaces.
2024-05-07 19:58:33.905  INFO 34792 --- [main] o.s.b.w.embedded.tomcat.TomcatWebServer  : Tomcat initialized with port(s): 8181 (http)
2024-05-07 19:58:33.929  INFO 34792 --- [main] o.apache.catalina.core.StandardService   : Starting service [Tomcat]
2024-05-07 19:58:33.930  INFO 34792 --- [main] org.apache.catalina.core.StandardEngine  : Starting Servlet engine: [Apache Tomcat/9.0.55]
2024-05-07 19:58:34.176  INFO 34792 --- [main] o.a.c.c.C.[Tomcat].[localhost].[/]       : Initializing Spring embedded WebApplicationContext
2024-05-07 19:58:34.177  INFO 34792 --- [main] w.s.c.ServletWebServerApplicationContext : Root WebApplicationContext: initialization completed in 1473 ms
2024-05-07 19:58:34.362  INFO 34792 --- [main] o.hibernate.jpa.internal.util.LogHelper  : HHH000204: Processing PersistenceUnitInfo [name: default]
2024-05-07 19:58:34.464  INFO 34792 --- [main] org.hibernate.Version                    : HHH000412: Hibernate ORM core version 5.6.1.Final
2024-05-07 19:58:34.703  INFO 34792 --- [main] o.hibernate.annotations.common.Version   : HCANN000001: Hibernate Commons Annotations {5.1.2.Final}
2024-05-07 19:58:34.845  INFO 34792 --- [main] com.zaxxer.hikari.HikariDataSource       : HikariPool-1 - Starting...
2024-05-07 19:58:35.254  INFO 34792 --- [main] com.zaxxer.hikari.HikariDataSource       : HikariPool-1 - Start completed.
2024-05-07 19:58:35.278  INFO 34792 --- [main] org.hibernate.dialect.Dialect            : HHH000400: Using dialect: org.hibernate.dialect.MySQL5InnoDBDialect
2024-05-07 19:58:35.965  INFO 34792 --- [main] o.h.e.t.j.p.i.JtaPlatformInitiator       : HHH000490: Using JtaPlatform implementation: [org.hibernate.engine.transaction.jta.platform.internal.NoJtaPlatform]
2024-05-07 19:58:35.973  INFO 34792 --- [main] j.LocalContainerEntityManagerFactoryBean : Initialized JPA EntityManagerFactory for persistence unit 'default'
2024-05-07 19:58:36.242  WARN 34792 --- [main] JpaBaseConfiguration$JpaWebConfiguration : spring.jpa.open-in-view is enabled by default. Therefore, database queries may be performed during view rendering. Explicitly configure spring.jpa.open-in-view to disable this warning
2024-05-07 19:58:36.538  INFO 34792 --- [main] o.s.b.w.embedded.tomcat.TomcatWebServer  : Tomcat started on port(s): 8181 (http) with context path ''
2024-05-07 19:58:36.546  INFO 34792 --- [main] com.trainingProvider.CoursesApplication  : Started CoursesApplication in 4.543 seconds (JVM running for 14.362)
2024-05-07 19:59:06.262  INFO 34792 --- [http-nio-8181-exec-1] o.a.c.c.C.[Tomcat].[localhost].[/]       : Initializing Spring DispatcherServlet 'dispatcherServlet'
2024-05-07 19:59:06.262  INFO 34792 --- [http-nio-8181-exec-1] o.s.web.servlet.DispatcherServlet        : Initializing Servlet 'dispatcherServlet'
2024-05-07 19:59:06.264  INFO 34792 --- [http-nio-8181-exec-1] o.s.web.servlet.DispatcherServlet        : Completed initialization in 2 ms
2024-05-07 20:01:15.499  INFO 68088 --- [main] c.t.Courses.PactProviderTest             : Starting PactProviderTest using Java 17.0.10 on LAPTOP-VIJ7KV3T with PID 68088 (started by sjhaq in C:\work\pact\Code+Projects_1\Code Projects\Courses)
2024-05-07 20:01:15.501  INFO 68088 --- [main] c.t.Courses.PactProviderTest             : No active profile set, falling back to default profiles: default
2024-05-07 20:01:16.491  INFO 68088 --- [main] .s.d.r.c.RepositoryConfigurationDelegate : Bootstrapping Spring Data JPA repositories in DEFAULT mode.
2024-05-07 20:01:16.568  INFO 68088 --- [main] .s.d.r.c.RepositoryConfigurationDelegate : Finished Spring Data repository scanning in 60 ms. Found 1 JPA repository interfaces.
2024-05-07 20:01:17.335  INFO 68088 --- [main] o.s.b.w.embedded.tomcat.TomcatWebServer  : Tomcat initialized with port(s): 0 (http)
2024-05-07 20:01:17.354  INFO 68088 --- [main] o.apache.catalina.core.StandardService   : Starting service [Tomcat]
2024-05-07 20:01:17.355  INFO 68088 --- [main] org.apache.catalina.core.StandardEngine  : Starting Servlet engine: [Apache Tomcat/9.0.55]
2024-05-07 20:01:17.509  INFO 68088 --- [main] o.a.c.c.C.[Tomcat].[localhost].[/]       : Initializing Spring embedded WebApplicationContext
2024-05-07 20:01:17.510  INFO 68088 --- [main] w.s.c.ServletWebServerApplicationContext : Root WebApplicationContext: initialization completed in 1598 ms
2024-05-07 20:01:17.914  INFO 68088 --- [main] o.hibernate.jpa.internal.util.LogHelper  : HHH000204: Processing PersistenceUnitInfo [name: default]
2024-05-07 20:01:18.010  INFO 68088 --- [main] org.hibernate.Version                    : HHH000412: Hibernate ORM core version 5.6.1.Final
2024-05-07 20:01:18.251  INFO 68088 --- [main] o.hibernate.annotations.common.Version   : HCANN000001: Hibernate Commons Annotations {5.1.2.Final}
2024-05-07 20:01:18.400  INFO 68088 --- [main] com.zaxxer.hikari.HikariDataSource       : HikariPool-1 - Starting...
2024-05-07 20:01:18.689  INFO 68088 --- [main] com.zaxxer.hikari.HikariDataSource       : HikariPool-1 - Start completed.
2024-05-07 20:01:18.709  INFO 68088 --- [main] org.hibernate.dialect.Dialect            : HHH000400: Using dialect: org.hibernate.dialect.MySQL5InnoDBDialect
2024-05-07 20:01:19.593  INFO 68088 --- [main] o.h.e.t.j.p.i.JtaPlatformInitiator       : HHH000490: Using JtaPlatform implementation: [org.hibernate.engine.transaction.jta.platform.internal.NoJtaPlatform]
2024-05-07 20:01:19.605  INFO 68088 --- [main] j.LocalContainerEntityManagerFactoryBean : Initialized JPA EntityManagerFactory for persistence unit 'default'
2024-05-07 20:01:20.067  WARN 68088 --- [main] JpaBaseConfiguration$JpaWebConfiguration : spring.jpa.open-in-view is enabled by default. Therefore, database queries may be performed during view rendering. Explicitly configure spring.jpa.open-in-view to disable this warning
2024-05-07 20:01:20.930  INFO 68088 --- [main] o.s.b.w.embedded.tomcat.TomcatWebServer  : Tomcat started on port(s): 51558 (http) with context path ''
2024-05-07 20:01:20.942  INFO 68088 --- [main] c.t.Courses.PactProviderTest             : Started PactProviderTest in 5.848 seconds (JVM running for 13.732)
2024-05-07 20:01:21.493  INFO 68088 --- [main] p.j.PactVerificationStateChangeExtension : Invoking state change method 'Course Appium does not exist':SETUP
2024-05-07 20:01:21.779  INFO 68088 --- [http-nio-auto-1-exec-1] o.a.c.c.C.[Tomcat].[localhost].[/]       : Initializing Spring DispatcherServlet 'dispatcherServlet'
2024-05-07 20:01:21.780  INFO 68088 --- [http-nio-auto-1-exec-1] o.s.web.servlet.DispatcherServlet        : Initializing Servlet 'dispatcherServlet'
2024-05-07 20:01:21.782  INFO 68088 --- [http-nio-auto-1-exec-1] o.s.web.servlet.DispatcherServlet        : Completed initialization in 2 ms
2024-05-07 20:01:21.955  WARN 68088 --- [main] a.c.d.p.p.DefaultTestResultAccumulator   : Not all of the 2 were verified. The following were missing:
2024-05-07 20:01:21.955  WARN 68088 --- [main] a.c.d.p.p.DefaultTestResultAccumulator   :     getting all courses details
2024-05-07 20:01:21.957  INFO 68088 --- [main] p.j.PactVerificationStateChangeExtension : Invoking state change method 'Course Appium does not exist':TEARDOWN
2024-05-07 20:01:22.023  INFO 68088 --- [main] p.j.PactVerificationStateChangeExtension : Invoking state change method 'courses exist':SETUP
2024-05-07 20:01:22.127  WARN 68088 --- [main] a.c.d.p.p.DefaultTestResultAccumulator   : Skipping publishing of verification results as it has been disabled (pact.verifier.publishResults is not 'true')
2024-05-07 20:01:22.127  INFO 68088 --- [main] p.j.PactVerificationStateChangeExtension : Invoking state change method 'courses exist':TEARDOWN
2024-05-07 20:01:22.161  INFO 68088 --- [SpringApplicationShutdownHook] j.LocalContainerEntityManagerFactoryBean : Closing JPA EntityManagerFactory for persistence unit 'default'
2024-05-07 20:01:22.165  INFO 68088 --- [SpringApplicationShutdownHook] com.zaxxer.hikari.HikariDataSource       : HikariPool-1 - Shutdown initiated...
2024-05-07 20:01:22.179  INFO 68088 --- [SpringApplicationShutdownHook] com.zaxxer.hikari.HikariDataSource       : HikariPool-1 - Shutdown completed.
